# JRE version: OpenJDK Runtime Environment (8.0_242-b01) (build 1.8.0_242-release-1644-b01)
# Java VM: OpenJDK 64-Bit Server VM (25.242-b01 mixed mode windows-amd64 compressed oops)
Heap:
 PSYoungGen      total 29696K, used 1728K [0x00000000d5580000, 0x00000000d8700000, 0x0000000100000000)
  eden space 22016K, 0% used [0x00000000d5580000,0x00000000d5580000,0x00000000d6b00000)
  from space 7680K, 22% used [0x00000000d6b00000,0x00000000d6cb0030,0x00000000d7280000)
  to   space 7680K, 0% used [0x00000000d7f80000,0x00000000d7f80000,0x00000000d8700000)
 ParOldGen       total 65536K, used 8653K [0x0000000080000000, 0x0000000084000000, 0x00000000d5580000)
  object space 65536K, 13% used [0x0000000080000000,0x00000000808735c8,0x0000000084000000)
 Metaspace       used 20484K, capacity 21154K, committed 21248K, reserved 1067008K
  class space    used 2856K, capacity 3035K, committed 3072K, reserved 1048576K
GC Heap History (10 events):
Event: 12.601 GC heap after
Heap after GC invocations=5 (full 0):
 PSYoungGen      total 28160K, used 4080K [0x00000000d5580000, 0x00000000d7b00000, 0x0000000100000000)
  eden space 24064K, 0% used [0x00000000d5580000,0x00000000d5580000,0x00000000d6d00000)
  from space 4096K, 99% used [0x00000000d6d80000,0x00000000d717c030,0x00000000d7180000)
  to   space 7168K, 0% used [0x00000000d7400000,0x00000000d7400000,0x00000000d7b00000)
 ParOldGen       total 65536K, used 4145K [0x0000000080000000, 0x0000000084000000, 0x00000000d5580000)
  object space 65536K, 6% used [0x0000000080000000,0x000000008040c478,0x0000000084000000)
 Metaspace       used 14007K, capacity 14448K, committed 14720K, reserved 1062912K
  class space    used 1923K, capacity 2056K, committed 2176K, reserved 1048576K
}
Event: 14.382 GC heap before
{Heap before GC invocations=6 (full 0):
 PSYoungGen      total 28160K, used 28144K [0x00000000d5580000, 0x00000000d7b00000, 0x0000000100000000)
  eden space 24064K, 100% used [0x00000000d5580000,0x00000000d6d00000,0x00000000d6d00000)
  from space 4096K, 99% used [0x00000000d6d80000,0x00000000d717c030,0x00000000d7180000)
  to   space 7168K, 0% used [0x00000000d7400000,0x00000000d7400000,0x00000000d7b00000)
 ParOldGen       total 65536K, used 4145K [0x0000000080000000, 0x0000000084000000, 0x00000000d5580000)
  object space 65536K, 6% used [0x0000000080000000,0x000000008040c478,0x0000000084000000)
 Metaspace       used 16762K, capacity 17406K, committed 17664K, reserved 1064960K
  class space    used 2238K, capacity 2443K, committed 2560K, reserved 1048576K
Event: 14.392 GC heap after
Heap after GC invocations=6 (full 0):
 PSYoungGen      total 30208K, used 6613K [0x00000000d5580000, 0x00000000d7c80000, 0x0000000100000000)
  eden space 23040K, 0% used [0x00000000d5580000,0x00000000d5580000,0x00000000d6c00000)
  from space 7168K, 92% used [0x00000000d7400000,0x00000000d7a75740,0x00000000d7b00000)
  to   space 8192K, 0% used [0x00000000d6c00000,0x00000000d6c00000,0x00000000d7400000)
 ParOldGen       total 65536K, used 4153K [0x0000000080000000, 0x0000000084000000, 0x00000000d5580000)
  object space 65536K, 6% used [0x0000000080000000,0x000000008040e478,0x0000000084000000)
 Metaspace       used 16762K, capacity 17406K, committed 17664K, reserved 1064960K
  class space    used 2238K, capacity 2443K, committed 2560K, reserved 1048576K
}
Event: 15.503 GC heap before
{Heap before GC invocations=7 (full 0):
 PSYoungGen      total 30208K, used 29653K [0x00000000d5580000, 0x00000000d7c80000, 0x0000000100000000)
  eden space 23040K, 100% used [0x00000000d5580000,0x00000000d6c00000,0x00000000d6c00000)
  from space 7168K, 92% used [0x00000000d7400000,0x00000000d7a75740,0x00000000d7b00000)
  to   space 8192K, 0% used [0x00000000d6c00000,0x00000000d6c00000,0x00000000d7400000)
 ParOldGen       total 65536K, used 4153K [0x0000000080000000, 0x0000000084000000, 0x00000000d5580000)
  object space 65536K, 6% used [0x0000000080000000,0x000000008040e478,0x0000000084000000)
 Metaspace       used 18305K, capacity 18950K, committed 19200K, reserved 1064960K
  class space    used 2505K, capacity 2703K, committed 2816K, reserved 1048576K
Event: 15.514 GC heap after
Heap after GC invocations=7 (full 0):
 PSYoungGen      total 28160K, used 5125K [0x00000000d5580000, 0x00000000d7a80000, 0x0000000100000000)
  eden space 22528K, 0% used [0x00000000d5580000,0x00000000d5580000,0x00000000d6b80000)
  from space 5632K, 91% used [0x00000000d6c00000,0x00000000d7101568,0x00000000d7180000)
  to   space 7680K, 0% used [0x00000000d7300000,0x00000000d7300000,0x00000000d7a80000)
 ParOldGen       total 65536K, used 5949K [0x0000000080000000, 0x0000000084000000, 0x00000000d5580000)
  object space 65536K, 9% used [0x0000000080000000,0x00000000805cf4d8,0x0000000084000000)
 Metaspace       used 18305K, capacity 18950K, committed 19200K, reserved 1064960K
  class space    used 2505K, capacity 2703K, committed 2816K, reserved 1048576K
}
Event: 16.417 GC heap before
{Heap before GC invocations=8 (full 0):
 PSYoungGen      total 28160K, used 27653K [0x00000000d5580000, 0x00000000d7a80000, 0x0000000100000000)
  eden space 22528K, 100% used [0x00000000d5580000,0x00000000d6b80000,0x00000000d6b80000)
  from space 5632K, 91% used [0x00000000d6c00000,0x00000000d7101568,0x00000000d7180000)
  to   space 7680K, 0% used [0x00000000d7300000,0x00000000d7300000,0x00000000d7a80000)
 ParOldGen       total 65536K, used 5949K [0x0000000080000000, 0x0000000084000000, 0x00000000d5580000)
  object space 65536K, 9% used [0x0000000080000000,0x00000000805cf4d8,0x0000000084000000)
 Metaspace       used 20348K, capacity 21064K, committed 21248K, reserved 1067008K
  class space    used 2837K, capacity 3028K, committed 3072K, reserved 1048576K
Event: 16.426 GC heap after
Heap after GC invocations=8 (full 0):
 PSYoungGen      total 29184K, used 4651K [0x00000000d5580000, 0x00000000d7a00000, 0x0000000100000000)
  eden space 22016K, 0% used [0x00000000d5580000,0x00000000d5580000,0x00000000d6b00000)
  from space 7168K, 64% used [0x00000000d7300000,0x00000000d778af88,0x00000000d7a00000)
  to   space 7680K, 0% used [0x00000000d6b00000,0x00000000d6b00000,0x00000000d7280000)
 ParOldGen       total 65536K, used 7454K [0x0000000080000000, 0x0000000084000000, 0x00000000d5580000)
  object space 65536K, 11% used [0x0000000080000000,0x00000000807478a8,0x0000000084000000)
 Metaspace       used 20348K, capacity 21064K, committed 21248K, reserved 1067008K
  class space    used 2837K, capacity 3028K, committed 3072K, reserved 1048576K
}
Event: 16.550 GC heap before
{Heap before GC invocations=9 (full 0):
 PSYoungGen      total 29184K, used 6059K [0x00000000d5580000, 0x00000000d7a00000, 0x0000000100000000)
  eden space 22016K, 6% used [0x00000000d5580000,0x00000000d56e0010,0x00000000d6b00000)
  from space 7168K, 64% used [0x00000000d7300000,0x00000000d778af88,0x00000000d7a00000)
  to   space 7680K, 0% used [0x00000000d6b00000,0x00000000d6b00000,0x00000000d7280000)
 ParOldGen       total 65536K, used 7454K [0x0000000080000000, 0x0000000084000000, 0x00000000d5580000)
  object space 65536K, 11% used [0x0000000080000000,0x00000000807478a8,0x0000000084000000)
 Metaspace       used 20484K, capacity 21154K, committed 21248K, reserved 1067008K
  class space    used 2856K, capacity 3035K, committed 3072K, reserved 1048576K
Event: 16.561 GC heap after
Heap after GC invocations=9 (full 0):
 PSYoungGen      total 29696K, used 1728K [0x00000000d5580000, 0x00000000d8700000, 0x0000000100000000)
  eden space 22016K, 0% used [0x00000000d5580000,0x00000000d5580000,0x00000000d6b00000)
  from space 7680K, 22% used [0x00000000d6b00000,0x00000000d6cb0030,0x00000000d7280000)
  to   space 7680K, 0% used [0x00000000d7f80000,0x00000000d7f80000,0x00000000d8700000)
 ParOldGen       total 65536K, used 8653K [0x0000000080000000, 0x0000000084000000, 0x00000000d5580000)
  object space 65536K, 13% used [0x0000000080000000,0x00000000808735c8,0x0000000084000000)
 Metaspace       used 20484K, capacity 21154K, committed 21248K, reserved 1067008K
  class space    used 2856K, capacity 3035K, committed 3072K, reserved 1048576K
}
Event: 16.561 GC heap before
{Heap before GC invocations=10 (full 1):
 PSYoungGen      total 29696K, used 1728K [0x00000000d5580000, 0x00000000d8700000, 0x0000000100000000)
  eden space 22016K, 0% used [0x00000000d5580000,0x00000000d5580000,0x00000000d6b00000)
  from space 7680K, 22% used [0x00000000d6b00000,0x00000000d6cb0030,0x00000000d7280000)
  to   space 7680K, 0% used [0x00000000d7f80000,0x00000000d7f80000,0x00000000d8700000)
 ParOldGen       total 65536K, used 8653K [0x0000000080000000, 0x0000000084000000, 0x00000000d5580000)
  object space 65536K, 13% used [0x0000000080000000,0x00000000808735c8,0x0000000084000000)
 Metaspace       used 20484K, capacity 21154K, committed 21248K, reserved 1067008K
  class space    used 2856K, capacity 3035K, committed 3072K, reserved 1048576K

