# JRE version: OpenJDK Runtime Environment (8.0_242-b01) (build 1.8.0_242-release-1644-b01)
# Java VM: OpenJDK 64-Bit Server VM (25.242-b01 mixed mode windows-amd64 compressed oops)
Heap:
 PSYoungGen      total 646144K, used 29921K [0x00000000d5580000, 0x0000000100000000, 0x0000000100000000)
  eden space 592384K, 0% used [0x00000000d5580000,0x00000000d5580000,0x00000000f9800000)
  from space 53760K, 55% used [0x00000000fcb80000,0x00000000fe8b8628,0x0000000100000000)
  to   space 52736K, 0% used [0x00000000f9800000,0x00000000f9800000,0x00000000fcb80000)
 ParOldGen       total 295424K, used 276395K [0x0000000080000000, 0x0000000092080000, 0x00000000d5580000)
  object space 295424K, 93% used [0x0000000080000000,0x0000000090deadb8,0x0000000092080000)
 Metaspace       used 140930K, capacity 146626K, committed 147496K, reserved 1177600K
  class space    used 17665K, capacity 18809K, committed 18992K, reserved 1048576K
GC Heap History (10 events):
Event: 5620.012 GC heap after
Heap after GC invocations=44 (full 6):
 PSYoungGen      total 645632K, used 5456K [0x00000000d5580000, 0x0000000100000000, 0x0000000100000000)
  eden space 592384K, 0% used [0x00000000d5580000,0x00000000d5580000,0x00000000f9800000)
  from space 53248K, 10% used [0x00000000fcc00000,0x00000000fd154070,0x0000000100000000)
  to   space 53248K, 0% used [0x00000000f9800000,0x00000000f9800000,0x00000000fcc00000)
 ParOldGen       total 295424K, used 216420K [0x0000000080000000, 0x0000000092080000, 0x00000000d5580000)
  object space 295424K, 73% used [0x0000000080000000,0x000000008d359250,0x0000000092080000)
 Metaspace       used 140742K, capacity 146414K, committed 147240K, reserved 1177600K
  class space    used 17661K, capacity 18805K, committed 18992K, reserved 1048576K
}
Event: 5621.889 GC heap before
{Heap before GC invocations=45 (full 6):
 PSYoungGen      total 645632K, used 597840K [0x00000000d5580000, 0x0000000100000000, 0x0000000100000000)
  eden space 592384K, 100% used [0x00000000d5580000,0x00000000f9800000,0x00000000f9800000)
  from space 53248K, 10% used [0x00000000fcc00000,0x00000000fd154070,0x0000000100000000)
  to   space 53248K, 0% used [0x00000000f9800000,0x00000000f9800000,0x00000000fcc00000)
 ParOldGen       total 295424K, used 216420K [0x0000000080000000, 0x0000000092080000, 0x00000000d5580000)
  object space 295424K, 73% used [0x0000000080000000,0x000000008d359250,0x0000000092080000)
 Metaspace       used 140846K, capacity 146550K, committed 147496K, reserved 1177600K
  class space    used 17663K, capacity 18807K, committed 18992K, reserved 1048576K
Event: 5621.967 GC heap after
Heap after GC invocations=45 (full 6):
 PSYoungGen      total 607232K, used 14794K [0x00000000d5580000, 0x00000000ffc00000, 0x0000000100000000)
  eden space 592384K, 0% used [0x00000000d5580000,0x00000000d5580000,0x00000000f9800000)
  from space 14848K, 99% used [0x00000000f9800000,0x00000000fa6729d0,0x00000000fa680000)
  to   space 51200K, 0% used [0x00000000fca00000,0x00000000fca00000,0x00000000ffc00000)
 ParOldGen       total 295424K, used 219772K [0x0000000080000000, 0x0000000092080000, 0x00000000d5580000)
  object space 295424K, 74% used [0x0000000080000000,0x000000008d69f1d8,0x0000000092080000)
 Metaspace       used 140846K, capacity 146550K, committed 147496K, reserved 1177600K
  class space    used 17663K, capacity 18807K, committed 18992K, reserved 1048576K
}
Event: 5623.931 GC heap before
{Heap before GC invocations=46 (full 6):
 PSYoungGen      total 607232K, used 607178K [0x00000000d5580000, 0x00000000ffc00000, 0x0000000100000000)
  eden space 592384K, 100% used [0x00000000d5580000,0x00000000f9800000,0x00000000f9800000)
  from space 14848K, 99% used [0x00000000f9800000,0x00000000fa6729d0,0x00000000fa680000)
  to   space 51200K, 0% used [0x00000000fca00000,0x00000000fca00000,0x00000000ffc00000)
 ParOldGen       total 295424K, used 219772K [0x0000000080000000, 0x0000000092080000, 0x00000000d5580000)
  object space 295424K, 74% used [0x0000000080000000,0x000000008d69f1d8,0x0000000092080000)
 Metaspace       used 140909K, capacity 146618K, committed 147496K, reserved 1177600K
  class space    used 17663K, capacity 18807K, committed 18992K, reserved 1048576K
Event: 5623.982 GC heap after
Heap after GC invocations=46 (full 6):
 PSYoungGen      total 644096K, used 27504K [0x00000000d5580000, 0x0000000100000000, 0x0000000100000000)
  eden space 592896K, 0% used [0x00000000d5580000,0x00000000d5580000,0x00000000f9880000)
  from space 51200K, 53% used [0x00000000fca00000,0x00000000fe4dc230,0x00000000ffc00000)
  to   space 50688K, 0% used [0x00000000f9880000,0x00000000f9880000,0x00000000fca00000)
 ParOldGen       total 295424K, used 223272K [0x0000000080000000, 0x0000000092080000, 0x00000000d5580000)
  object space 295424K, 75% used [0x0000000080000000,0x000000008da0a348,0x0000000092080000)
 Metaspace       used 140909K, capacity 146618K, committed 147496K, reserved 1177600K
  class space    used 17663K, capacity 18807K, committed 18992K, reserved 1048576K
}
Event: 5625.825 GC heap before
{Heap before GC invocations=47 (full 6):
 PSYoungGen      total 644096K, used 620400K [0x00000000d5580000, 0x0000000100000000, 0x0000000100000000)
  eden space 592896K, 100% used [0x00000000d5580000,0x00000000f9880000,0x00000000f9880000)
  from space 51200K, 53% used [0x00000000fca00000,0x00000000fe4dc230,0x00000000ffc00000)
  to   space 50688K, 0% used [0x00000000f9880000,0x00000000f9880000,0x00000000fca00000)
 ParOldGen       total 295424K, used 223272K [0x0000000080000000, 0x0000000092080000, 0x00000000d5580000)
  object space 295424K, 75% used [0x0000000080000000,0x000000008da0a348,0x0000000092080000)
 Metaspace       used 140920K, capacity 146626K, committed 147496K, reserved 1177600K
  class space    used 17664K, capacity 18809K, committed 18992K, reserved 1048576K
Event: 5625.937 GC heap after
Heap after GC invocations=47 (full 6):
 PSYoungGen      total 643584K, used 37284K [0x00000000d5580000, 0x0000000100000000, 0x0000000100000000)
  eden space 592896K, 0% used [0x00000000d5580000,0x00000000d5580000,0x00000000f9880000)
  from space 50688K, 73% used [0x00000000f9880000,0x00000000fbce9108,0x00000000fca00000)
  to   space 53760K, 0% used [0x00000000fcb80000,0x00000000fcb80000,0x0000000100000000)
 ParOldGen       total 295424K, used 244287K [0x0000000080000000, 0x0000000092080000, 0x00000000d5580000)
  object space 295424K, 82% used [0x0000000080000000,0x000000008ee8fd18,0x0000000092080000)
 Metaspace       used 140920K, capacity 146626K, committed 147496K, reserved 1177600K
  class space    used 17664K, capacity 18809K, committed 18992K, reserved 1048576K
}
Event: 5627.645 GC heap before
{Heap before GC invocations=48 (full 6):
 PSYoungGen      total 643584K, used 630180K [0x00000000d5580000, 0x0000000100000000, 0x0000000100000000)
  eden space 592896K, 100% used [0x00000000d5580000,0x00000000f9880000,0x00000000f9880000)
  from space 50688K, 73% used [0x00000000f9880000,0x00000000fbce9108,0x00000000fca00000)
  to   space 53760K, 0% used [0x00000000fcb80000,0x00000000fcb80000,0x0000000100000000)
 ParOldGen       total 295424K, used 244287K [0x0000000080000000, 0x0000000092080000, 0x00000000d5580000)
  object space 295424K, 82% used [0x0000000080000000,0x000000008ee8fd18,0x0000000092080000)
 Metaspace       used 140930K, capacity 146626K, committed 147496K, reserved 1177600K
  class space    used 17665K, capacity 18809K, committed 18992K, reserved 1048576K
Event: 5627.789 GC heap after
Heap after GC invocations=48 (full 6):
 PSYoungGen      total 646144K, used 29921K [0x00000000d5580000, 0x0000000100000000, 0x0000000100000000)
  eden space 592384K, 0% used [0x00000000d5580000,0x00000000d5580000,0x00000000f9800000)
  from space 53760K, 55% used [0x00000000fcb80000,0x00000000fe8b8628,0x0000000100000000)
  to   space 52736K, 0% used [0x00000000f9800000,0x00000000f9800000,0x00000000fcb80000)
 ParOldGen       total 295424K, used 276395K [0x0000000080000000, 0x0000000092080000, 0x00000000d5580000)
  object space 295424K, 93% used [0x0000000080000000,0x0000000090deadb8,0x0000000092080000)
 Metaspace       used 140930K, capacity 146626K, committed 147496K, reserved 1177600K
  class space    used 17665K, capacity 18809K, committed 18992K, reserved 1048576K
}
Event: 5627.789 GC heap before
{Heap before GC invocations=49 (full 7):
 PSYoungGen      total 646144K, used 29921K [0x00000000d5580000, 0x0000000100000000, 0x0000000100000000)
  eden space 592384K, 0% used [0x00000000d5580000,0x00000000d5580000,0x00000000f9800000)
  from space 53760K, 55% used [0x00000000fcb80000,0x00000000fe8b8628,0x0000000100000000)
  to   space 52736K, 0% used [0x00000000f9800000,0x00000000f9800000,0x00000000fcb80000)
 ParOldGen       total 295424K, used 276395K [0x0000000080000000, 0x0000000092080000, 0x00000000d5580000)
  object space 295424K, 93% used [0x0000000080000000,0x0000000090deadb8,0x0000000092080000)
 Metaspace       used 140930K, capacity 146626K, committed 147496K, reserved 1177600K
  class space    used 17665K, capacity 18809K, committed 18992K, reserved 1048576K

