# JRE version: OpenJDK Runtime Environment (8.0_242-b01) (build 1.8.0_242-release-1644-b01)
# Java VM: OpenJDK 64-Bit Server VM (25.242-b01 mixed mode windows-amd64 compressed oops)
Heap:
 PSYoungGen      total 462336K, used 42465K [0x00000000d5580000, 0x0000000100000000, 0x0000000100000000)
  eden space 419840K, 0% used [0x00000000d5580000,0x00000000d5580000,0x00000000eef80000)
  from space 42496K, 99% used [0x00000000eef80000,0x00000000f18f8480,0x00000000f1900000)
  to   space 94208K, 0% used [0x00000000fa400000,0x00000000fa400000,0x0000000100000000)
 ParOldGen       total 214528K, used 213553K [0x0000000080000000, 0x000000008d180000, 0x00000000d5580000)
  object space 214528K, 99% used [0x0000000080000000,0x000000008d08c728,0x000000008d180000)
 Metaspace       used 77545K, capacity 81102K, committed 81704K, reserved 1120256K
  class space    used 10428K, capacity 11163K, committed 11312K, reserved 1048576K
GC Heap History (10 events):
Event: 17.811 GC heap after
Heap after GC invocations=15 (full 3):
 PSYoungGen      total 363520K, used 18913K [0x00000000d5580000, 0x00000000ee480000, 0x0000000100000000)
  eden space 344576K, 0% used [0x00000000d5580000,0x00000000d5580000,0x00000000ea600000)
  from space 18944K, 99% used [0x00000000ed200000,0x00000000ee4784c0,0x00000000ee480000)
  to   space 23040K, 0% used [0x00000000eb780000,0x00000000eb780000,0x00000000ece00000)
 ParOldGen       total 92672K, used 40270K [0x0000000080000000, 0x0000000085a80000, 0x00000000d5580000)
  object space 92672K, 43% used [0x0000000080000000,0x0000000082753bd0,0x0000000085a80000)
 Metaspace       used 61981K, capacity 64518K, committed 64680K, reserved 1105920K
  class space    used 8460K, capacity 9029K, committed 9136K, reserved 1048576K
}
Event: 23.814 GC heap before
{Heap before GC invocations=16 (full 3):
 PSYoungGen      total 363520K, used 363489K [0x00000000d5580000, 0x00000000ee480000, 0x0000000100000000)
  eden space 344576K, 100% used [0x00000000d5580000,0x00000000ea600000,0x00000000ea600000)
  from space 18944K, 99% used [0x00000000ed200000,0x00000000ee4784c0,0x00000000ee480000)
  to   space 23040K, 0% used [0x00000000eb780000,0x00000000eb780000,0x00000000ece00000)
 ParOldGen       total 92672K, used 40270K [0x0000000080000000, 0x0000000085a80000, 0x00000000d5580000)
  object space 92672K, 43% used [0x0000000080000000,0x0000000082753bd0,0x0000000085a80000)
 Metaspace       used 68992K, capacity 71942K, committed 72232K, reserved 1112064K
  class space    used 9366K, capacity 9985K, committed 10032K, reserved 1048576K
Event: 23.873 GC heap after
Heap after GC invocations=16 (full 3):
 PSYoungGen      total 385536K, used 19957K [0x00000000d5580000, 0x00000000f3200000, 0x0000000100000000)
  eden space 362496K, 0% used [0x00000000d5580000,0x00000000d5580000,0x00000000eb780000)
  from space 23040K, 86% used [0x00000000eb780000,0x00000000ecafd7c8,0x00000000ece00000)
  to   space 25600K, 0% used [0x00000000f1900000,0x00000000f1900000,0x00000000f3200000)
 ParOldGen       total 92672K, used 58479K [0x0000000080000000, 0x0000000085a80000, 0x00000000d5580000)
  object space 92672K, 63% used [0x0000000080000000,0x000000008391bd30,0x0000000085a80000)
 Metaspace       used 68992K, capacity 71942K, committed 72232K, reserved 1112064K
  class space    used 9366K, capacity 9985K, committed 10032K, reserved 1048576K
}
Event: 29.411 GC heap before
{Heap before GC invocations=17 (full 3):
 PSYoungGen      total 385536K, used 382453K [0x00000000d5580000, 0x00000000f3200000, 0x0000000100000000)
  eden space 362496K, 100% used [0x00000000d5580000,0x00000000eb780000,0x00000000eb780000)
  from space 23040K, 86% used [0x00000000eb780000,0x00000000ecafd7c8,0x00000000ece00000)
  to   space 25600K, 0% used [0x00000000f1900000,0x00000000f1900000,0x00000000f3200000)
 ParOldGen       total 92672K, used 58479K [0x0000000080000000, 0x0000000085a80000, 0x00000000d5580000)
  object space 92672K, 63% used [0x0000000080000000,0x000000008391bd30,0x0000000085a80000)
 Metaspace       used 77601K, capacity 81462K, committed 81704K, reserved 1120256K
  class space    used 10503K, capacity 11295K, committed 11312K, reserved 1048576K
Event: 29.491 GC heap after
Heap after GC invocations=17 (full 3):
 PSYoungGen      total 445440K, used 25588K [0x00000000d5580000, 0x00000000f6180000, 0x0000000100000000)
  eden space 419840K, 0% used [0x00000000d5580000,0x00000000d5580000,0x00000000eef80000)
  from space 25600K, 99% used [0x00000000f1900000,0x00000000f31fd180,0x00000000f3200000)
  to   space 42496K, 0% used [0x00000000eef80000,0x00000000eef80000,0x00000000f1900000)
 ParOldGen       total 94720K, used 94217K [0x0000000080000000, 0x0000000085c80000, 0x00000000d5580000)
  object space 94720K, 99% used [0x0000000080000000,0x0000000085c024b8,0x0000000085c80000)
 Metaspace       used 77601K, capacity 81462K, committed 81704K, reserved 1120256K
  class space    used 10503K, capacity 11295K, committed 11312K, reserved 1048576K
}
Event: 29.491 GC heap before
{Heap before GC invocations=18 (full 4):
 PSYoungGen      total 445440K, used 25588K [0x00000000d5580000, 0x00000000f6180000, 0x0000000100000000)
  eden space 419840K, 0% used [0x00000000d5580000,0x00000000d5580000,0x00000000eef80000)
  from space 25600K, 99% used [0x00000000f1900000,0x00000000f31fd180,0x00000000f3200000)
  to   space 42496K, 0% used [0x00000000eef80000,0x00000000eef80000,0x00000000f1900000)
 ParOldGen       total 94720K, used 94217K [0x0000000080000000, 0x0000000085c80000, 0x00000000d5580000)
  object space 94720K, 99% used [0x0000000080000000,0x0000000085c024b8,0x0000000085c80000)
 Metaspace       used 77601K, capacity 81462K, committed 81704K, reserved 1120256K
  class space    used 10503K, capacity 11295K, committed 11312K, reserved 1048576K
Event: 30.515 GC heap after
Heap after GC invocations=18 (full 4):
 PSYoungGen      total 445440K, used 15243K [0x00000000d5580000, 0x00000000f6180000, 0x0000000100000000)
  eden space 419840K, 0% used [0x00000000d5580000,0x00000000d5580000,0x00000000eef80000)
  from space 25600K, 59% used [0x00000000f1900000,0x00000000f27e2c00,0x00000000f3200000)
  to   space 42496K, 0% used [0x00000000eef80000,0x00000000eef80000,0x00000000f1900000)
 ParOldGen       total 181760K, used 94258K [0x0000000080000000, 0x000000008b180000, 0x00000000d5580000)
  object space 181760K, 51% used [0x0000000080000000,0x0000000085c0c9a8,0x000000008b180000)
 Metaspace       used 77387K, capacity 80906K, committed 81704K, reserved 1120256K
  class space    used 10428K, capacity 11163K, committed 11312K, reserved 1048576K
}
Event: 36.079 GC heap before
{Heap before GC invocations=19 (full 4):
 PSYoungGen      total 445440K, used 434847K [0x00000000d5580000, 0x00000000f6180000, 0x0000000100000000)
  eden space 419840K, 99% used [0x00000000d5580000,0x00000000eef450d0,0x00000000eef80000)
  from space 25600K, 59% used [0x00000000f1900000,0x00000000f27e2c00,0x00000000f3200000)
  to   space 42496K, 0% used [0x00000000eef80000,0x00000000eef80000,0x00000000f1900000)
 ParOldGen       total 181760K, used 94258K [0x0000000080000000, 0x000000008b180000, 0x00000000d5580000)
  object space 181760K, 51% used [0x0000000080000000,0x0000000085c0c9a8,0x000000008b180000)
 Metaspace       used 77545K, capacity 81102K, committed 81704K, reserved 1120256K
  class space    used 10428K, capacity 11163K, committed 11312K, reserved 1048576K
Event: 36.456 GC heap after
Heap after GC invocations=19 (full 4):
 PSYoungGen      total 462336K, used 42465K [0x00000000d5580000, 0x0000000100000000, 0x0000000100000000)
  eden space 419840K, 0% used [0x00000000d5580000,0x00000000d5580000,0x00000000eef80000)
  from space 42496K, 99% used [0x00000000eef80000,0x00000000f18f8480,0x00000000f1900000)
  to   space 94208K, 0% used [0x00000000fa400000,0x00000000fa400000,0x0000000100000000)
 ParOldGen       total 214528K, used 213553K [0x0000000080000000, 0x000000008d180000, 0x00000000d5580000)
  object space 214528K, 99% used [0x0000000080000000,0x000000008d08c728,0x000000008d180000)
 Metaspace       used 77545K, capacity 81102K, committed 81704K, reserved 1120256K
  class space    used 10428K, capacity 11163K, committed 11312K, reserved 1048576K
}
Event: 36.456 GC heap before
{Heap before GC invocations=20 (full 5):
 PSYoungGen      total 462336K, used 42465K [0x00000000d5580000, 0x0000000100000000, 0x0000000100000000)
  eden space 419840K, 0% used [0x00000000d5580000,0x00000000d5580000,0x00000000eef80000)
  from space 42496K, 99% used [0x00000000eef80000,0x00000000f18f8480,0x00000000f1900000)
  to   space 94208K, 0% used [0x00000000fa400000,0x00000000fa400000,0x0000000100000000)
 ParOldGen       total 214528K, used 213553K [0x0000000080000000, 0x000000008d180000, 0x00000000d5580000)
  object space 214528K, 99% used [0x0000000080000000,0x000000008d08c728,0x000000008d180000)
 Metaspace       used 77545K, capacity 81102K, committed 81704K, reserved 1120256K
  class space    used 10428K, capacity 11163K, committed 11312K, reserved 1048576K

