# JRE version: OpenJDK Runtime Environment (8.0_242-b01) (build 1.8.0_242-release-1644-b01)
# Java VM: OpenJDK 64-Bit Server VM (25.242-b01 mixed mode windows-amd64 compressed oops)
Heap:
 PSYoungGen      total 374272K, used 39410K [0x00000000d5580000, 0x00000000f3c00000, 0x0000000100000000)
  eden space 334848K, 0% used [0x00000000d5580000,0x00000000d5580000,0x00000000e9c80000)
  from space 39424K, 99% used [0x00000000edd80000,0x00000000f03fc8b8,0x00000000f0400000)
  to   space 66560K, 0% used [0x00000000e9c80000,0x00000000e9c80000,0x00000000edd80000)
 ParOldGen       total 115200K, used 111943K [0x0000000080000000, 0x0000000087080000, 0x00000000d5580000)
  object space 115200K, 97% used [0x0000000080000000,0x0000000086d51ed0,0x0000000087080000)
 Metaspace       used 79083K, capacity 82636K, committed 82728K, reserved 1120256K
  class space    used 10736K, capacity 11485K, committed 11568K, reserved 1048576K
GC Heap History (10 events):
Event: 25.524 GC heap after
Heap after GC invocations=11 (full 2):
 PSYoungGen      total 272896K, used 20474K [0x00000000d5580000, 0x00000000ebd00000, 0x0000000100000000)
  eden space 252416K, 0% used [0x00000000d5580000,0x00000000d5580000,0x00000000e4c00000)
  from space 20480K, 99% used [0x00000000e4c00000,0x00000000e5ffe9c8,0x00000000e6000000)
  to   space 25600K, 0% used [0x00000000ea400000,0x00000000ea400000,0x00000000ebd00000)
 ParOldGen       total 73728K, used 29900K [0x0000000080000000, 0x0000000084800000, 0x00000000d5580000)
  object space 73728K, 40% used [0x0000000080000000,0x0000000081d331a8,0x0000000084800000)
 Metaspace       used 57130K, capacity 59108K, committed 59160K, reserved 1099776K
  class space    used 7834K, capacity 8324K, committed 8368K, reserved 1048576K
}
Event: 25.524 GC heap before
{Heap before GC invocations=12 (full 3):
 PSYoungGen      total 272896K, used 20474K [0x00000000d5580000, 0x00000000ebd00000, 0x0000000100000000)
  eden space 252416K, 0% used [0x00000000d5580000,0x00000000d5580000,0x00000000e4c00000)
  from space 20480K, 99% used [0x00000000e4c00000,0x00000000e5ffe9c8,0x00000000e6000000)
  to   space 25600K, 0% used [0x00000000ea400000,0x00000000ea400000,0x00000000ebd00000)
 ParOldGen       total 73728K, used 29900K [0x0000000080000000, 0x0000000084800000, 0x00000000d5580000)
  object space 73728K, 40% used [0x0000000080000000,0x0000000081d331a8,0x0000000084800000)
 Metaspace       used 57130K, capacity 59108K, committed 59160K, reserved 1099776K
  class space    used 7834K, capacity 8324K, committed 8368K, reserved 1048576K
Event: 25.855 GC heap after
Heap after GC invocations=12 (full 3):
 PSYoungGen      total 272896K, used 0K [0x00000000d5580000, 0x00000000ebd00000, 0x0000000100000000)
  eden space 252416K, 0% used [0x00000000d5580000,0x00000000d5580000,0x00000000e4c00000)
  from space 20480K, 0% used [0x00000000e4c00000,0x00000000e4c00000,0x00000000e6000000)
  to   space 25600K, 0% used [0x00000000ea400000,0x00000000ea400000,0x00000000ebd00000)
 ParOldGen       total 115200K, used 37220K [0x0000000080000000, 0x0000000087080000, 0x00000000d5580000)
  object space 115200K, 32% used [0x0000000080000000,0x00000000824592c0,0x0000000087080000)
 Metaspace       used 57121K, capacity 59078K, committed 59160K, reserved 1099776K
  class space    used 7832K, capacity 8319K, committed 8368K, reserved 1048576K
}
Event: 43.673 GC heap before
{Heap before GC invocations=13 (full 3):
 PSYoungGen      total 272896K, used 252416K [0x00000000d5580000, 0x00000000ebd00000, 0x0000000100000000)
  eden space 252416K, 100% used [0x00000000d5580000,0x00000000e4c00000,0x00000000e4c00000)
  from space 20480K, 0% used [0x00000000e4c00000,0x00000000e4c00000,0x00000000e6000000)
  to   space 25600K, 0% used [0x00000000ea400000,0x00000000ea400000,0x00000000ebd00000)
 ParOldGen       total 115200K, used 37220K [0x0000000080000000, 0x0000000087080000, 0x00000000d5580000)
  object space 115200K, 32% used [0x0000000080000000,0x00000000824592c0,0x0000000087080000)
 Metaspace       used 61971K, capacity 64572K, committed 64680K, reserved 1105920K
  class space    used 8462K, capacity 9036K, committed 9136K, reserved 1048576K
Event: 43.707 GC heap after
Heap after GC invocations=13 (full 3):
 PSYoungGen      total 327168K, used 21318K [0x00000000d5580000, 0x00000000eb900000, 0x0000000100000000)
  eden space 305664K, 0% used [0x00000000d5580000,0x00000000d5580000,0x00000000e8000000)
  from space 21504K, 99% used [0x00000000ea400000,0x00000000eb8d1840,0x00000000eb900000)
  to   space 28160K, 0% used [0x00000000e8200000,0x00000000e8200000,0x00000000e9d80000)
 ParOldGen       total 115200K, used 37228K [0x0000000080000000, 0x0000000087080000, 0x00000000d5580000)
  object space 115200K, 32% used [0x0000000080000000,0x000000008245b2c0,0x0000000087080000)
 Metaspace       used 61971K, capacity 64572K, committed 64680K, reserved 1105920K
  class space    used 8462K, capacity 9036K, committed 9136K, reserved 1048576K
}
Event: 84.175 GC heap before
{Heap before GC invocations=14 (full 3):
 PSYoungGen      total 327168K, used 326982K [0x00000000d5580000, 0x00000000eb900000, 0x0000000100000000)
  eden space 305664K, 100% used [0x00000000d5580000,0x00000000e8000000,0x00000000e8000000)
  from space 21504K, 99% used [0x00000000ea400000,0x00000000eb8d1840,0x00000000eb900000)
  to   space 28160K, 0% used [0x00000000e8200000,0x00000000e8200000,0x00000000e9d80000)
 ParOldGen       total 115200K, used 37228K [0x0000000080000000, 0x0000000087080000, 0x00000000d5580000)
  object space 115200K, 32% used [0x0000000080000000,0x000000008245b2c0,0x0000000087080000)
 Metaspace       used 71855K, capacity 74866K, committed 74920K, reserved 1114112K
  class space    used 9720K, capacity 10376K, committed 10416K, reserved 1048576K
Event: 84.273 GC heap after
Heap after GC invocations=14 (full 3):
 PSYoungGen      total 335872K, used 28154K [0x00000000d5580000, 0x00000000f0400000, 0x0000000100000000)
  eden space 307712K, 0% used [0x00000000d5580000,0x00000000d5580000,0x00000000e8200000)
  from space 28160K, 99% used [0x00000000e8200000,0x00000000e9d7eb30,0x00000000e9d80000)
  to   space 39424K, 0% used [0x00000000edd80000,0x00000000edd80000,0x00000000f0400000)
 ParOldGen       total 115200K, used 55862K [0x0000000080000000, 0x0000000087080000, 0x00000000d5580000)
  object space 115200K, 48% used [0x0000000080000000,0x000000008368dbb0,0x0000000087080000)
 Metaspace       used 71855K, capacity 74866K, committed 74920K, reserved 1114112K
  class space    used 9720K, capacity 10376K, committed 10416K, reserved 1048576K
}
Event: 101.075 GC heap before
{Heap before GC invocations=15 (full 3):
 PSYoungGen      total 335872K, used 335836K [0x00000000d5580000, 0x00000000f0400000, 0x0000000100000000)
  eden space 307712K, 99% used [0x00000000d5580000,0x00000000e81f8530,0x00000000e8200000)
  from space 28160K, 99% used [0x00000000e8200000,0x00000000e9d7eb30,0x00000000e9d80000)
  to   space 39424K, 0% used [0x00000000edd80000,0x00000000edd80000,0x00000000f0400000)
 ParOldGen       total 115200K, used 55862K [0x0000000080000000, 0x0000000087080000, 0x00000000d5580000)
  object space 115200K, 48% used [0x0000000080000000,0x000000008368dbb0,0x0000000087080000)
 Metaspace       used 79083K, capacity 82636K, committed 82728K, reserved 1120256K
  class space    used 10736K, capacity 11485K, committed 11568K, reserved 1048576K
Event: 101.223 GC heap after
Heap after GC invocations=15 (full 3):
 PSYoungGen      total 374272K, used 39410K [0x00000000d5580000, 0x00000000f3c00000, 0x0000000100000000)
  eden space 334848K, 0% used [0x00000000d5580000,0x00000000d5580000,0x00000000e9c80000)
  from space 39424K, 99% used [0x00000000edd80000,0x00000000f03fc8b8,0x00000000f0400000)
  to   space 66560K, 0% used [0x00000000e9c80000,0x00000000e9c80000,0x00000000edd80000)
 ParOldGen       total 115200K, used 111943K [0x0000000080000000, 0x0000000087080000, 0x00000000d5580000)
  object space 115200K, 97% used [0x0000000080000000,0x0000000086d51ed0,0x0000000087080000)
 Metaspace       used 79083K, capacity 82636K, committed 82728K, reserved 1120256K
  class space    used 10736K, capacity 11485K, committed 11568K, reserved 1048576K
}
Event: 101.223 GC heap before
{Heap before GC invocations=16 (full 4):
 PSYoungGen      total 374272K, used 39410K [0x00000000d5580000, 0x00000000f3c00000, 0x0000000100000000)
  eden space 334848K, 0% used [0x00000000d5580000,0x00000000d5580000,0x00000000e9c80000)
  from space 39424K, 99% used [0x00000000edd80000,0x00000000f03fc8b8,0x00000000f0400000)
  to   space 66560K, 0% used [0x00000000e9c80000,0x00000000e9c80000,0x00000000edd80000)
 ParOldGen       total 115200K, used 111943K [0x0000000080000000, 0x0000000087080000, 0x00000000d5580000)
  object space 115200K, 97% used [0x0000000080000000,0x0000000086d51ed0,0x0000000087080000)
 Metaspace       used 79083K, capacity 82636K, committed 82728K, reserved 1120256K
  class space    used 10736K, capacity 11485K, committed 11568K, reserved 1048576K

