# JRE version: OpenJDK Runtime Environment (8.0_242-b01) (build 1.8.0_242-release-1644-b01)
# Java VM: OpenJDK 64-Bit Server VM (25.242-b01 mixed mode windows-amd64 compressed oops)
Heap:
 PSYoungGen      total 327680K, used 5575K [0x00000000d5580000, 0x00000000f0c00000, 0x0000000100000000)
  eden space 261632K, 0% used [0x00000000d5580000,0x00000000d5580000,0x00000000e5500000)
  from space 66048K, 8% used [0x00000000e5500000,0x00000000e5a71cf0,0x00000000e9580000)
  to   space 65024K, 0% used [0x00000000ecc80000,0x00000000ecc80000,0x00000000f0c00000)
 ParOldGen       total 187904K, used 187707K [0x0000000080000000, 0x000000008b780000, 0x00000000d5580000)
  object space 187904K, 99% used [0x0000000080000000,0x000000008b74ec38,0x000000008b780000)
 Metaspace       used 121739K, capacity 126444K, committed 126616K, reserved 1159168K
  class space    used 15735K, capacity 16795K, committed 16816K, reserved 1048576K
GC Heap History (10 events):
Event: 82.411 GC heap after
Heap after GC invocations=23 (full 4):
 PSYoungGen      total 243712K, used 2800K [0x00000000d5580000, 0x00000000e8e00000, 0x0000000100000000)
  eden space 218624K, 0% used [0x00000000d5580000,0x00000000d5580000,0x00000000e2b00000)
  from space 25088K, 11% used [0x00000000e2b00000,0x00000000e2dbc150,0x00000000e4380000)
  to   space 34816K, 0% used [0x00000000e6c00000,0x00000000e6c00000,0x00000000e8e00000)
 ParOldGen       total 180736K, used 95432K [0x0000000080000000, 0x000000008b080000, 0x00000000d5580000)
  object space 180736K, 52% used [0x0000000080000000,0x0000000085d321b8,0x000000008b080000)
 Metaspace       used 94778K, capacity 98290K, committed 98600K, reserved 1134592K
  class space    used 12637K, capacity 13404K, committed 13488K, reserved 1048576K
}
Event: 89.687 GC heap before
{Heap before GC invocations=24 (full 4):
 PSYoungGen      total 243712K, used 221424K [0x00000000d5580000, 0x00000000e8e00000, 0x0000000100000000)
  eden space 218624K, 100% used [0x00000000d5580000,0x00000000e2b00000,0x00000000e2b00000)
  from space 25088K, 11% used [0x00000000e2b00000,0x00000000e2dbc150,0x00000000e4380000)
  to   space 34816K, 0% used [0x00000000e6c00000,0x00000000e6c00000,0x00000000e8e00000)
 ParOldGen       total 180736K, used 95432K [0x0000000080000000, 0x000000008b080000, 0x00000000d5580000)
  object space 180736K, 52% used [0x0000000080000000,0x0000000085d321b8,0x000000008b080000)
 Metaspace       used 111301K, capacity 115172K, committed 115608K, reserved 1148928K
  class space    used 14391K, capacity 15219K, committed 15280K, reserved 1048576K
Event: 89.753 GC heap after
Heap after GC invocations=24 (full 4):
 PSYoungGen      total 276480K, used 34798K [0x00000000d5580000, 0x00000000e9c80000, 0x0000000100000000)
  eden space 241664K, 0% used [0x00000000d5580000,0x00000000d5580000,0x00000000e4180000)
  from space 34816K, 99% used [0x00000000e6c00000,0x00000000e8dfb828,0x00000000e8e00000)
  to   space 43520K, 0% used [0x00000000e4180000,0x00000000e4180000,0x00000000e6c00000)
 ParOldGen       total 180736K, used 103563K [0x0000000080000000, 0x000000008b080000, 0x00000000d5580000)
  object space 180736K, 57% used [0x0000000080000000,0x0000000086522df0,0x000000008b080000)
 Metaspace       used 111301K, capacity 115172K, committed 115608K, reserved 1148928K
  class space    used 14391K, capacity 15219K, committed 15280K, reserved 1048576K
}
Event: 92.294 GC heap before
{Heap before GC invocations=25 (full 4):
 PSYoungGen      total 276480K, used 276462K [0x00000000d5580000, 0x00000000e9c80000, 0x0000000100000000)
  eden space 241664K, 100% used [0x00000000d5580000,0x00000000e4180000,0x00000000e4180000)
  from space 34816K, 99% used [0x00000000e6c00000,0x00000000e8dfb828,0x00000000e8e00000)
  to   space 43520K, 0% used [0x00000000e4180000,0x00000000e4180000,0x00000000e6c00000)
 ParOldGen       total 180736K, used 103563K [0x0000000080000000, 0x000000008b080000, 0x00000000d5580000)
  object space 180736K, 57% used [0x0000000080000000,0x0000000086522df0,0x000000008b080000)
 Metaspace       used 115796K, capacity 120002K, committed 120344K, reserved 1153024K
  class space    used 14901K, capacity 15796K, committed 15920K, reserved 1048576K
Event: 92.346 GC heap after
Heap after GC invocations=25 (full 4):
 PSYoungGen      total 285184K, used 39443K [0x00000000d5580000, 0x00000000ec580000, 0x0000000100000000)
  eden space 241664K, 0% used [0x00000000d5580000,0x00000000d5580000,0x00000000e4180000)
  from space 43520K, 90% used [0x00000000e4180000,0x00000000e6804ca8,0x00000000e6c00000)
  to   space 49152K, 0% used [0x00000000e9580000,0x00000000e9580000,0x00000000ec580000)
 ParOldGen       total 180736K, used 117207K [0x0000000080000000, 0x000000008b080000, 0x00000000d5580000)
  object space 180736K, 64% used [0x0000000080000000,0x0000000087275da8,0x000000008b080000)
 Metaspace       used 115796K, capacity 120002K, committed 120344K, reserved 1153024K
  class space    used 14901K, capacity 15796K, committed 15920K, reserved 1048576K
}
Event: 94.509 GC heap before
{Heap before GC invocations=26 (full 4):
 PSYoungGen      total 285184K, used 281107K [0x00000000d5580000, 0x00000000ec580000, 0x0000000100000000)
  eden space 241664K, 100% used [0x00000000d5580000,0x00000000e4180000,0x00000000e4180000)
  from space 43520K, 90% used [0x00000000e4180000,0x00000000e6804ca8,0x00000000e6c00000)
  to   space 49152K, 0% used [0x00000000e9580000,0x00000000e9580000,0x00000000ec580000)
 ParOldGen       total 180736K, used 117207K [0x0000000080000000, 0x000000008b080000, 0x00000000d5580000)
  object space 180736K, 64% used [0x0000000080000000,0x0000000087275da8,0x000000008b080000)
 Metaspace       used 120778K, capacity 125476K, committed 125592K, reserved 1159168K
  class space    used 15693K, capacity 16747K, committed 16816K, reserved 1048576K
Event: 94.600 GC heap after
Heap after GC invocations=26 (full 4):
 PSYoungGen      total 310784K, used 49133K [0x00000000d5580000, 0x00000000ef080000, 0x0000000100000000)
  eden space 261632K, 0% used [0x00000000d5580000,0x00000000d5580000,0x00000000e5500000)
  from space 49152K, 99% used [0x00000000e9580000,0x00000000ec57b720,0x00000000ec580000)
  to   space 66048K, 0% used [0x00000000e5500000,0x00000000e5500000,0x00000000e9580000)
 ParOldGen       total 180736K, used 139981K [0x0000000080000000, 0x000000008b080000, 0x00000000d5580000)
  object space 180736K, 77% used [0x0000000080000000,0x00000000888b3740,0x000000008b080000)
 Metaspace       used 120778K, capacity 125476K, committed 125592K, reserved 1159168K
  class space    used 15693K, capacity 16747K, committed 16816K, reserved 1048576K
}
Event: 97.087 GC heap before
{Heap before GC invocations=27 (full 4):
 PSYoungGen      total 310784K, used 310765K [0x00000000d5580000, 0x00000000ef080000, 0x0000000100000000)
  eden space 261632K, 100% used [0x00000000d5580000,0x00000000e5500000,0x00000000e5500000)
  from space 49152K, 99% used [0x00000000e9580000,0x00000000ec57b720,0x00000000ec580000)
  to   space 66048K, 0% used [0x00000000e5500000,0x00000000e5500000,0x00000000e9580000)
 ParOldGen       total 180736K, used 139981K [0x0000000080000000, 0x000000008b080000, 0x00000000d5580000)
  object space 180736K, 77% used [0x0000000080000000,0x00000000888b3740,0x000000008b080000)
 Metaspace       used 121739K, capacity 126444K, committed 126616K, reserved 1159168K
  class space    used 15735K, capacity 16795K, committed 16816K, reserved 1048576K
Event: 97.194 GC heap after
Heap after GC invocations=27 (full 4):
 PSYoungGen      total 327680K, used 5575K [0x00000000d5580000, 0x00000000f0c00000, 0x0000000100000000)
  eden space 261632K, 0% used [0x00000000d5580000,0x00000000d5580000,0x00000000e5500000)
  from space 66048K, 8% used [0x00000000e5500000,0x00000000e5a71cf0,0x00000000e9580000)
  to   space 65024K, 0% used [0x00000000ecc80000,0x00000000ecc80000,0x00000000f0c00000)
 ParOldGen       total 187904K, used 187707K [0x0000000080000000, 0x000000008b780000, 0x00000000d5580000)
  object space 187904K, 99% used [0x0000000080000000,0x000000008b74ec38,0x000000008b780000)
 Metaspace       used 121739K, capacity 126444K, committed 126616K, reserved 1159168K
  class space    used 15735K, capacity 16795K, committed 16816K, reserved 1048576K
}
Event: 97.195 GC heap before
{Heap before GC invocations=28 (full 5):
 PSYoungGen      total 327680K, used 5575K [0x00000000d5580000, 0x00000000f0c00000, 0x0000000100000000)
  eden space 261632K, 0% used [0x00000000d5580000,0x00000000d5580000,0x00000000e5500000)
  from space 66048K, 8% used [0x00000000e5500000,0x00000000e5a71cf0,0x00000000e9580000)
  to   space 65024K, 0% used [0x00000000ecc80000,0x00000000ecc80000,0x00000000f0c00000)
 ParOldGen       total 187904K, used 187707K [0x0000000080000000, 0x000000008b780000, 0x00000000d5580000)
  object space 187904K, 99% used [0x0000000080000000,0x000000008b74ec38,0x000000008b780000)
 Metaspace       used 121739K, capacity 126444K, committed 126616K, reserved 1159168K
  class space    used 15735K, capacity 16795K, committed 16816K, reserved 1048576K

