# JRE version: OpenJDK Runtime Environment (8.0_242-b01) (build 1.8.0_242-release-1644-b01)
# Java VM: OpenJDK 64-Bit Server VM (25.242-b01 mixed mode windows-amd64 compressed oops)
Heap:
 PSYoungGen      total 603136K, used 527685K [0x00000000d5580000, 0x00000000ffd80000, 0x0000000100000000)
  eden space 514048K, 99% used [0x00000000d5580000,0x00000000f4b73228,0x00000000f4b80000)
  from space 89088K, 15% used [0x00000000fa680000,0x00000000fb3de1f0,0x00000000ffd80000)
  to   space 91136K, 24% used [0x00000000f4b80000,0x00000000f61747a0,0x00000000fa480000)
 ParOldGen       total 307712K, used 95943K [0x0000000080000000, 0x0000000092c80000, 0x00000000d5580000)
  object space 307712K, 31% used [0x0000000080000000,0x0000000085db1f30,0x0000000092c80000)
 Metaspace       used 134875K, capacity 141986K, committed 142232K, reserved 1173504K
  class space    used 16785K, capacity 18016K, committed 18096K, reserved 1048576K
GC Heap History (10 events):
Event: 1061.723 GC heap after
Heap after GC invocations=34 (full 6):
 PSYoungGen      total 581632K, used 48652K [0x00000000d5580000, 0x00000000ff400000, 0x0000000100000000)
  eden space 491008K, 0% used [0x00000000d5580000,0x00000000d5580000,0x00000000f3500000)
  from space 90624K, 53% used [0x00000000f9b80000,0x00000000fcb033c8,0x00000000ff400000)
  to   space 97792K, 0% used [0x00000000f3500000,0x00000000f3500000,0x00000000f9480000)
 ParOldGen       total 307712K, used 95903K [0x0000000080000000, 0x0000000092c80000, 0x00000000d5580000)
  object space 307712K, 31% used [0x0000000080000000,0x0000000085da7f30,0x0000000092c80000)
 Metaspace       used 133299K, capacity 139040K, committed 139288K, reserved 1171456K
  class space    used 16588K, capacity 17657K, committed 17712K, reserved 1048576K
}
Event: 1498.028 GC heap before
{Heap before GC invocations=35 (full 6):
 PSYoungGen      total 581632K, used 539660K [0x00000000d5580000, 0x00000000ff400000, 0x0000000100000000)
  eden space 491008K, 100% used [0x00000000d5580000,0x00000000f3500000,0x00000000f3500000)
  from space 90624K, 53% used [0x00000000f9b80000,0x00000000fcb033c8,0x00000000ff400000)
  to   space 97792K, 0% used [0x00000000f3500000,0x00000000f3500000,0x00000000f9480000)
 ParOldGen       total 307712K, used 95903K [0x0000000080000000, 0x0000000092c80000, 0x00000000d5580000)
  object space 307712K, 31% used [0x0000000080000000,0x0000000085da7f30,0x0000000092c80000)
 Metaspace       used 133689K, capacity 139692K, committed 139928K, reserved 1171456K
  class space    used 16623K, capacity 17721K, committed 17840K, reserved 1048576K
Event: 1498.100 GC heap after
Heap after GC invocations=35 (full 6):
 PSYoungGen      total 588800K, used 22839K [0x00000000d5580000, 0x0000000100000000, 0x0000000100000000)
  eden space 491008K, 0% used [0x00000000d5580000,0x00000000d5580000,0x00000000f3500000)
  from space 97792K, 23% used [0x00000000f3500000,0x00000000f4b4de30,0x00000000f9480000)
  to   space 96768K, 0% used [0x00000000fa180000,0x00000000fa180000,0x0000000100000000)
 ParOldGen       total 307712K, used 95911K [0x0000000080000000, 0x0000000092c80000, 0x00000000d5580000)
  object space 307712K, 31% used [0x0000000080000000,0x0000000085da9f30,0x0000000092c80000)
 Metaspace       used 133689K, capacity 139692K, committed 139928K, reserved 1171456K
  class space    used 16623K, capacity 17721K, committed 17840K, reserved 1048576K
}
Event: 1712.565 GC heap before
{Heap before GC invocations=36 (full 6):
 PSYoungGen      total 588800K, used 513847K [0x00000000d5580000, 0x0000000100000000, 0x0000000100000000)
  eden space 491008K, 100% used [0x00000000d5580000,0x00000000f3500000,0x00000000f3500000)
  from space 97792K, 23% used [0x00000000f3500000,0x00000000f4b4de30,0x00000000f9480000)
  to   space 96768K, 0% used [0x00000000fa180000,0x00000000fa180000,0x0000000100000000)
 ParOldGen       total 307712K, used 95911K [0x0000000080000000, 0x0000000092c80000, 0x00000000d5580000)
  object space 307712K, 31% used [0x0000000080000000,0x0000000085da9f30,0x0000000092c80000)
 Metaspace       used 133870K, capacity 139888K, committed 140184K, reserved 1171456K
  class space    used 16636K, capacity 17743K, committed 17840K, reserved 1048576K
Event: 1712.626 GC heap after
Heap after GC invocations=36 (full 6):
 PSYoungGen      total 592896K, used 31632K [0x00000000d5580000, 0x00000000ff800000, 0x0000000100000000)
  eden space 504320K, 0% used [0x00000000d5580000,0x00000000d5580000,0x00000000f4200000)
  from space 88576K, 35% used [0x00000000fa180000,0x00000000fc064040,0x00000000ff800000)
  to   space 93184K, 0% used [0x00000000f4200000,0x00000000f4200000,0x00000000f9d00000)
 ParOldGen       total 307712K, used 95919K [0x0000000080000000, 0x0000000092c80000, 0x00000000d5580000)
  object space 307712K, 31% used [0x0000000080000000,0x0000000085dabf30,0x0000000092c80000)
 Metaspace       used 133870K, capacity 139888K, committed 140184K, reserved 1171456K
  class space    used 16636K, capacity 17743K, committed 17840K, reserved 1048576K
}
Event: 1910.177 GC heap before
{Heap before GC invocations=37 (full 6):
 PSYoungGen      total 592896K, used 535952K [0x00000000d5580000, 0x00000000ff800000, 0x0000000100000000)
  eden space 504320K, 100% used [0x00000000d5580000,0x00000000f4200000,0x00000000f4200000)
  from space 88576K, 35% used [0x00000000fa180000,0x00000000fc064040,0x00000000ff800000)
  to   space 93184K, 0% used [0x00000000f4200000,0x00000000f4200000,0x00000000f9d00000)
 ParOldGen       total 307712K, used 95919K [0x0000000080000000, 0x0000000092c80000, 0x00000000d5580000)
  object space 307712K, 31% used [0x0000000080000000,0x0000000085dabf30,0x0000000092c80000)
 Metaspace       used 134546K, capacity 141332K, committed 141592K, reserved 1173504K
  class space    used 16749K, capacity 17951K, committed 17968K, reserved 1048576K
Event: 1910.219 GC heap after
Heap after GC invocations=37 (full 6):
 PSYoungGen      total 597504K, used 22535K [0x00000000d5580000, 0x0000000100000000, 0x0000000100000000)
  eden space 504320K, 0% used [0x00000000d5580000,0x00000000d5580000,0x00000000f4200000)
  from space 93184K, 24% used [0x00000000f4200000,0x00000000f5801d38,0x00000000f9d00000)
  to   space 91648K, 0% used [0x00000000fa680000,0x00000000fa680000,0x0000000100000000)
 ParOldGen       total 307712K, used 95927K [0x0000000080000000, 0x0000000092c80000, 0x00000000d5580000)
  object space 307712K, 31% used [0x0000000080000000,0x0000000085dadf30,0x0000000092c80000)
 Metaspace       used 134546K, capacity 141332K, committed 141592K, reserved 1173504K
  class space    used 16749K, capacity 17951K, committed 17968K, reserved 1048576K
}
Event: 2091.990 GC heap before
{Heap before GC invocations=38 (full 6):
 PSYoungGen      total 597504K, used 526855K [0x00000000d5580000, 0x0000000100000000, 0x0000000100000000)
  eden space 504320K, 100% used [0x00000000d5580000,0x00000000f4200000,0x00000000f4200000)
  from space 93184K, 24% used [0x00000000f4200000,0x00000000f5801d38,0x00000000f9d00000)
  to   space 91648K, 0% used [0x00000000fa680000,0x00000000fa680000,0x0000000100000000)
 ParOldGen       total 307712K, used 95927K [0x0000000080000000, 0x0000000092c80000, 0x00000000d5580000)
  object space 307712K, 31% used [0x0000000080000000,0x0000000085dadf30,0x0000000092c80000)
 Metaspace       used 134790K, capacity 141848K, committed 141976K, reserved 1173504K
  class space    used 16784K, capacity 18015K, committed 18096K, reserved 1048576K
Event: 2092.080 GC heap after
Heap after GC invocations=38 (full 6):
 PSYoungGen      total 603136K, used 13688K [0x00000000d5580000, 0x00000000ffd80000, 0x0000000100000000)
  eden space 514048K, 0% used [0x00000000d5580000,0x00000000d5580000,0x00000000f4b80000)
  from space 89088K, 15% used [0x00000000fa680000,0x00000000fb3de1f0,0x00000000ffd80000)
  to   space 91136K, 0% used [0x00000000f4b80000,0x00000000f4b80000,0x00000000fa480000)
 ParOldGen       total 307712K, used 95935K [0x0000000080000000, 0x0000000092c80000, 0x00000000d5580000)
  object space 307712K, 31% used [0x0000000080000000,0x0000000085daff30,0x0000000092c80000)
 Metaspace       used 134790K, capacity 141848K, committed 141976K, reserved 1173504K
  class space    used 16784K, capacity 18015K, committed 18096K, reserved 1048576K
}
Event: 2110.637 GC heap before
{Heap before GC invocations=39 (full 6):
 PSYoungGen      total 603136K, used 527685K [0x00000000d5580000, 0x00000000ffd80000, 0x0000000100000000)
  eden space 514048K, 99% used [0x00000000d5580000,0x00000000f4b73228,0x00000000f4b80000)
  from space 89088K, 15% used [0x00000000fa680000,0x00000000fb3de1f0,0x00000000ffd80000)
  to   space 91136K, 0% used [0x00000000f4b80000,0x00000000f4b80000,0x00000000fa480000)
 ParOldGen       total 307712K, used 95935K [0x0000000080000000, 0x0000000092c80000, 0x00000000d5580000)
  object space 307712K, 31% used [0x0000000080000000,0x0000000085daff30,0x0000000092c80000)
 Metaspace       used 134875K, capacity 141986K, committed 142232K, reserved 1173504K
  class space    used 16785K, capacity 18016K, committed 18096K, reserved 1048576K

