# JRE version: OpenJDK Runtime Environment (8.0_242-b01) (build 1.8.0_242-release-1644-b01)
# Java VM: OpenJDK 64-Bit Server VM (25.242-b01 mixed mode windows-amd64 compressed oops)
Heap:
 PSYoungGen      total 652288K, used 55689K [0x00000000d5580000, 0x0000000100000000, 0x0000000100000000)
  eden space 609280K, 7% used [0x00000000d5580000,0x00000000d82fa548,0x00000000fa880000)
  from space 43008K, 21% used [0x00000000fd180000,0x00000000fda68020,0x00000000ffb80000)
  to   space 41984K, 0% used [0x00000000fa880000,0x00000000fa880000,0x00000000fd180000)
 ParOldGen       total 218112K, used 166104K [0x0000000080000000, 0x000000008d500000, 0x00000000d5580000)
  object space 218112K, 76% used [0x0000000080000000,0x000000008a236288,0x000000008d500000)
 Metaspace       used 94941K, capacity 99150K, committed 99480K, reserved 1136640K
  class space    used 12114K, capacity 12897K, committed 12976K, reserved 1048576K
GC Heap History (10 events):
Event: 513.828 GC heap before
{Heap before GC invocations=33 (full 5):
 PSYoungGen      total 648192K, used 34300K [0x00000000d5580000, 0x0000000100000000, 0x0000000100000000)
  eden space 613888K, 0% used [0x00000000d5580000,0x00000000d5580000,0x00000000fad00000)
  from space 34304K, 99% used [0x00000000fdc80000,0x00000000ffdff058,0x00000000ffe00000)
  to   space 42496K, 0% used [0x00000000fad00000,0x00000000fad00000,0x00000000fd680000)
 ParOldGen       total 202752K, used 186483K [0x0000000080000000, 0x000000008c600000, 0x00000000d5580000)
  object space 202752K, 91% used [0x0000000080000000,0x000000008b61cc30,0x000000008c600000)
 Metaspace       used 94896K, capacity 99028K, committed 99224K, reserved 1136640K
  class space    used 12114K, capacity 12898K, committed 12976K, reserved 1048576K
Event: 514.888 GC heap after
Heap after GC invocations=33 (full 5):
 PSYoungGen      total 648192K, used 0K [0x00000000d5580000, 0x0000000100000000, 0x0000000100000000)
  eden space 613888K, 0% used [0x00000000d5580000,0x00000000d5580000,0x00000000fad00000)
  from space 34304K, 0% used [0x00000000fdc80000,0x00000000fdc80000,0x00000000ffe00000)
  to   space 42496K, 0% used [0x00000000fad00000,0x00000000fad00000,0x00000000fd680000)
 ParOldGen       total 218112K, used 121084K [0x0000000080000000, 0x000000008d500000, 0x00000000d5580000)
  object space 218112K, 55% used [0x0000000080000000,0x000000008763f0b0,0x000000008d500000)
 Metaspace       used 94892K, capacity 99016K, committed 99224K, reserved 1136640K
  class space    used 12113K, capacity 12896K, committed 12976K, reserved 1048576K
}
Event: 519.867 GC heap before
{Heap before GC invocations=34 (full 5):
 PSYoungGen      total 648192K, used 613888K [0x00000000d5580000, 0x0000000100000000, 0x0000000100000000)
  eden space 613888K, 100% used [0x00000000d5580000,0x00000000fad00000,0x00000000fad00000)
  from space 34304K, 0% used [0x00000000fdc80000,0x00000000fdc80000,0x00000000ffe00000)
  to   space 42496K, 0% used [0x00000000fad00000,0x00000000fad00000,0x00000000fd680000)
 ParOldGen       total 218112K, used 121084K [0x0000000080000000, 0x000000008d500000, 0x00000000d5580000)
  object space 218112K, 55% used [0x0000000080000000,0x000000008763f0b0,0x000000008d500000)
 Metaspace       used 94896K, capacity 99022K, committed 99224K, reserved 1136640K
  class space    used 12114K, capacity 12897K, committed 12976K, reserved 1048576K
Event: 520.059 GC heap after
Heap after GC invocations=34 (full 5):
 PSYoungGen      total 646656K, used 32383K [0x00000000d5580000, 0x0000000100000000, 0x0000000100000000)
  eden space 613888K, 0% used [0x00000000d5580000,0x00000000d5580000,0x00000000fad00000)
  from space 32768K, 98% used [0x00000000fad00000,0x00000000fcc9fff8,0x00000000fcd00000)
  to   space 46080K, 0% used [0x00000000fd300000,0x00000000fd300000,0x0000000100000000)
 ParOldGen       total 218112K, used 121092K [0x0000000080000000, 0x000000008d500000, 0x00000000d5580000)
  object space 218112K, 55% used [0x0000000080000000,0x00000000876410b0,0x000000008d500000)
 Metaspace       used 94896K, capacity 99022K, committed 99224K, reserved 1136640K
  class space    used 12114K, capacity 12897K, committed 12976K, reserved 1048576K
}
Event: 524.493 GC heap before
{Heap before GC invocations=35 (full 5):
 PSYoungGen      total 646656K, used 646271K [0x00000000d5580000, 0x0000000100000000, 0x0000000100000000)
  eden space 613888K, 100% used [0x00000000d5580000,0x00000000fad00000,0x00000000fad00000)
  from space 32768K, 98% used [0x00000000fad00000,0x00000000fcc9fff8,0x00000000fcd00000)
  to   space 46080K, 0% used [0x00000000fd300000,0x00000000fd300000,0x0000000100000000)
 ParOldGen       total 218112K, used 121092K [0x0000000080000000, 0x000000008d500000, 0x00000000d5580000)
  object space 218112K, 55% used [0x0000000080000000,0x00000000876410b0,0x000000008d500000)
 Metaspace       used 94925K, capacity 99150K, committed 99480K, reserved 1136640K
  class space    used 12114K, capacity 12897K, committed 12976K, reserved 1048576K
Event: 524.626 GC heap after
Heap after GC invocations=35 (full 5):
 PSYoungGen      total 654336K, used 9575K [0x00000000d5580000, 0x0000000100000000, 0x0000000100000000)
  eden space 608256K, 0% used [0x00000000d5580000,0x00000000d5580000,0x00000000fa780000)
  from space 46080K, 20% used [0x00000000fd300000,0x00000000fdc59ce8,0x0000000100000000)
  to   space 44544K, 0% used [0x00000000fa780000,0x00000000fa780000,0x00000000fd300000)
 ParOldGen       total 218112K, used 151320K [0x0000000080000000, 0x000000008d500000, 0x00000000d5580000)
  object space 218112K, 69% used [0x0000000080000000,0x00000000893c6340,0x000000008d500000)
 Metaspace       used 94925K, capacity 99150K, committed 99480K, reserved 1136640K
  class space    used 12114K, capacity 12897K, committed 12976K, reserved 1048576K
}
Event: 528.618 GC heap before
{Heap before GC invocations=36 (full 5):
 PSYoungGen      total 654336K, used 617831K [0x00000000d5580000, 0x0000000100000000, 0x0000000100000000)
  eden space 608256K, 100% used [0x00000000d5580000,0x00000000fa780000,0x00000000fa780000)
  from space 46080K, 20% used [0x00000000fd300000,0x00000000fdc59ce8,0x0000000100000000)
  to   space 44544K, 0% used [0x00000000fa780000,0x00000000fa780000,0x00000000fd300000)
 ParOldGen       total 218112K, used 151320K [0x0000000080000000, 0x000000008d500000, 0x00000000d5580000)
  object space 218112K, 69% used [0x0000000080000000,0x00000000893c6340,0x000000008d500000)
 Metaspace       used 94929K, capacity 99150K, committed 99480K, reserved 1136640K
  class space    used 12114K, capacity 12897K, committed 12976K, reserved 1048576K
Event: 528.788 GC heap after
Heap after GC invocations=36 (full 5):
 PSYoungGen      total 617472K, used 9152K [0x00000000d5580000, 0x00000000ffb80000, 0x0000000100000000)
  eden space 608256K, 0% used [0x00000000d5580000,0x00000000d5580000,0x00000000fa780000)
  from space 9216K, 99% used [0x00000000fa780000,0x00000000fb070010,0x00000000fb080000)
  to   space 43008K, 0% used [0x00000000fd180000,0x00000000fd180000,0x00000000ffb80000)
 ParOldGen       total 218112K, used 157032K [0x0000000080000000, 0x000000008d500000, 0x00000000d5580000)
  object space 218112K, 71% used [0x0000000080000000,0x000000008995a278,0x000000008d500000)
 Metaspace       used 94929K, capacity 99150K, committed 99480K, reserved 1136640K
  class space    used 12114K, capacity 12897K, committed 12976K, reserved 1048576K
}
Event: 532.720 GC heap before
{Heap before GC invocations=37 (full 5):
 PSYoungGen      total 617472K, used 617408K [0x00000000d5580000, 0x00000000ffb80000, 0x0000000100000000)
  eden space 608256K, 100% used [0x00000000d5580000,0x00000000fa780000,0x00000000fa780000)
  from space 9216K, 99% used [0x00000000fa780000,0x00000000fb070010,0x00000000fb080000)
  to   space 43008K, 0% used [0x00000000fd180000,0x00000000fd180000,0x00000000ffb80000)
 ParOldGen       total 218112K, used 157032K [0x0000000080000000, 0x000000008d500000, 0x00000000d5580000)
  object space 218112K, 71% used [0x0000000080000000,0x000000008995a278,0x000000008d500000)
 Metaspace       used 94939K, capacity 99150K, committed 99480K, reserved 1136640K
  class space    used 12114K, capacity 12897K, committed 12976K, reserved 1048576K
Event: 532.873 GC heap after
Heap after GC invocations=37 (full 5):
 PSYoungGen      total 652288K, used 9120K [0x00000000d5580000, 0x0000000100000000, 0x0000000100000000)
  eden space 609280K, 0% used [0x00000000d5580000,0x00000000d5580000,0x00000000fa880000)
  from space 43008K, 21% used [0x00000000fd180000,0x00000000fda68020,0x00000000ffb80000)
  to   space 41984K, 0% used [0x00000000fa880000,0x00000000fa880000,0x00000000fd180000)
 ParOldGen       total 218112K, used 166104K [0x0000000080000000, 0x000000008d500000, 0x00000000d5580000)
  object space 218112K, 76% used [0x0000000080000000,0x000000008a236288,0x000000008d500000)
 Metaspace       used 94939K, capacity 99150K, committed 99480K, reserved 1136640K
  class space    used 12114K, capacity 12897K, committed 12976K, reserved 1048576K
}

